
======================================================================
  Comprehensive Feature Tests - Detailed Test Report
======================================================================

METADATA
----------------------------------------------------------------------
Generated: 2025-11-30T20:49:32.138Z
Node Version: v24.11.1
Working Directory: C:\SpareCarry
Script Path: C:\SpareCarry\scripts\test-report-utils.js
Duration: 0.72 seconds

SUMMARY
----------------------------------------------------------------------
Total Tests: 3
Passed: 1
Failed: 2
Success Rate: 33.3%

DETAILED RESULTS
----------------------------------------------------------------------

1. Environment Variables
   Status: ✅ PASSED
   Details:
     count: 8

2. API Endpoints
   Status: ❌ FAILED
   Error: Endpoints not found: /api/matches/auto-match, /api/payments/create-intent, /api/payments/confirm-delivery, /api/payments/auto-release, /api/notifications/register-token

3. Auto-Release Cron
   Status: ❌ FAILED
   Error: Unexpected status: 404


----------------------------------------------------------------------
ENVIRONMENT INFORMATION
----------------------------------------------------------------------
NODE_ENV: not set
BASE_URL: http://localhost:3000
CRON_SECRET: ✅ Set

======================================================================
